<?xml version="1.0" encoding="UTF-8" standalone="no"?>
<!DOCTYPE log SYSTEM "logger.dtd">
<log>
<record>
  <date>2020-09-28T12:04:28.801-0300</date>
  <logger>ANNA BEATRIZ LUCENA LIRA</logger>
  <level>FINE</level>
  <message>File 119110382-ANNA BEATRIZ LUCENA LIRA.zip was received. It was sent by ANNA BEATRIZ LUCENA LIRA from IP 192.168.15.8 at 28-09-2020 12*04*28</message>
</record>
</log>
<?xml version="1.0" encoding="UTF-8" standalone="no"?>
<!DOCTYPE log SYSTEM "logger.dtd">
<log>
<record>
  <date>2020-09-29T13:54:56.395-0300</date>
  <logger>ANNA BEATRIZ LUCENA LIRA</logger>
  <level>FINE</level>
  <message>File 119110382-ANNA BEATRIZ LUCENA LIRA.zip was received. It was sent by ANNA BEATRIZ LUCENA LIRA from IP 192.168.15.8 at 29-09-2020 13*54*56</message>
</record>
</log>
<?xml version="1.0" encoding="UTF-8" standalone="no"?>
<!DOCTYPE log SYSTEM "logger.dtd">
<log>
<record>
  <date>2020-10-03T19:11:05.993-0300</date>
  <logger>ANNA BEATRIZ LUCENA LIRA</logger>
  <level>FINE</level>
  <message>File 119110382-ANNA BEATRIZ LUCENA LIRA.zip was received. It was sent by ANNA BEATRIZ LUCENA LIRA from IP 192.168.15.8 at 03-10-2020 19*11*05</message>
</record>
</log>
<?xml version="1.0" encoding="UTF-8" standalone="no"?>
<!DOCTYPE log SYSTEM "logger.dtd">
<log>
<record>
  <date>2020-10-05T07:29:07.173-0300</date>
  <logger>ANNA BEATRIZ LUCENA LIRA</logger>
  <level>FINE</level>
  <message>File 119110382-ANNA BEATRIZ LUCENA LIRA.zip was received. It was sent by ANNA BEATRIZ LUCENA LIRA from IP 192.168.15.8 at 05-10-2020 07*29*07</message>
</record>
</log>
<?xml version="1.0" encoding="UTF-8" standalone="no"?>
<!DOCTYPE log SYSTEM "logger.dtd">
<log>
<record>
  <date>2020-10-05T07:49:44.838-0300</date>
  <logger>ANNA BEATRIZ LUCENA LIRA</logger>
  <level>FINE</level>
  <message>File 119110382-ANNA BEATRIZ LUCENA LIRA.zip was received. It was sent by ANNA BEATRIZ LUCENA LIRA from IP 192.168.15.8 at 05-10-2020 07*49*44</message>
</record>
</log>
<?xml version="1.0" encoding="UTF-8" standalone="no"?>
<!DOCTYPE log SYSTEM "logger.dtd">
<log>
<record>
  <date>2020-10-05T07:50:34.607-0300</date>
  <logger>ANNA BEATRIZ LUCENA LIRA</logger>
  <level>FINE</level>
  <message>File 119110382-ANNA BEATRIZ LUCENA LIRA.zip was received. It was sent by ANNA BEATRIZ LUCENA LIRA from IP 192.168.15.8 at 05-10-2020 07*50*34</message>
</record>
