<?xml version="1.0" encoding="UTF-8" standalone="no"?>
<!DOCTYPE log SYSTEM "logger.dtd">
<log>
<record>
  <date>2020-09-16T10:06:23.827-0300</date>
  <logger>ANNA BEATRIZ LUCENA LIRA</logger>
  <level>FINE</level>
  <message>File 119110382-ANNA BEATRIZ LUCENA LIRA.zip was received. It was sent by ANNA BEATRIZ LUCENA LIRA from IP 192.168.15.8 at 16-09-2020 10*06*23</message>
</record>
</log>
<?xml version="1.0" encoding="UTF-8" standalone="no"?>
<!DOCTYPE log SYSTEM "logger.dtd">
<log>
<record>
  <date>2020-09-16T12:03:33.730-0300</date>
  <logger>ANNA BEATRIZ LUCENA LIRA</logger>
  <level>FINE</level>
  <message>File 119110382-ANNA BEATRIZ LUCENA LIRA.zip was received. It was sent by ANNA BEATRIZ LUCENA LIRA from IP 192.168.15.8 at 16-09-2020 12*03*33</message>
</record>
</log>
<?xml version="1.0" encoding="UTF-8" standalone="no"?>
<!DOCTYPE log SYSTEM "logger.dtd">
<log>
<record>
  <date>2020-09-18T13:16:53.373-0300</date>
  <logger>ANNA BEATRIZ LUCENA LIRA</logger>
  <level>FINE</level>
  <message>File 119110382-ANNA BEATRIZ LUCENA LIRA.zip was received. It was sent by ANNA BEATRIZ LUCENA LIRA from IP 192.168.15.8 at 18-09-2020 13*16*53</message>
</record>
</log>
<?xml version="1.0" encoding="UTF-8" standalone="no"?>
<!DOCTYPE log SYSTEM "logger.dtd">
<log>
<record>
  <date>2020-09-21T13:32:50.565-0300</date>
  <logger>ANNA BEATRIZ LUCENA LIRA</logger>
  <level>FINE</level>
  <message>File 119110382-ANNA BEATRIZ LUCENA LIRA.zip was received. It was sent by ANNA BEATRIZ LUCENA LIRA from IP 192.168.15.8 at 21-09-2020 13*32*50</message>
</record>
</log>
<?xml version="1.0" encoding="UTF-8" standalone="no"?>
<!DOCTYPE log SYSTEM "logger.dtd">
<log>
<record>
  <date>2020-09-21T13:43:54.866-0300</date>
  <logger>ANNA BEATRIZ LUCENA LIRA</logger>
  <level>FINE</level>
  <message>File 119110382-ANNA BEATRIZ LUCENA LIRA.zip was received. It was sent by ANNA BEATRIZ LUCENA LIRA from IP 192.168.15.8 at 21-09-2020 13*43*54</message>
</record>
