<?xml version="1.0" encoding="UTF-8" standalone="no"?>
<!DOCTYPE log SYSTEM "logger.dtd">
<log>
<record>
  <date>2020-10-05T13:35:26.225-0300</date>
  <logger>ANNA BEATRIZ LUCENA LIRA</logger>
  <level>FINE</level>
  <message>File 119110382-ANNA BEATRIZ LUCENA LIRA.zip was received. It was sent by ANNA BEATRIZ LUCENA LIRA from IP 192.168.15.8 at 05-10-2020 13*35*26</message>
</record>
</log>
<?xml version="1.0" encoding="UTF-8" standalone="no"?>
<!DOCTYPE log SYSTEM "logger.dtd">
<log>
<record>
  <date>2020-10-07T10:15:08.939-0300</date>
  <logger>ANNA BEATRIZ LUCENA LIRA</logger>
  <level>FINE</level>
  <message>File 119110382-ANNA BEATRIZ LUCENA LIRA.zip was received. It was sent by ANNA BEATRIZ LUCENA LIRA from IP 192.168.15.8 at 07-10-2020 10*15*08</message>
</record>
</log>
<?xml version="1.0" encoding="UTF-8" standalone="no"?>
<!DOCTYPE log SYSTEM "logger.dtd">
<log>
<record>
  <date>2020-10-07T11:42:28.894-0300</date>
  <logger>ANNA BEATRIZ LUCENA LIRA</logger>
  <level>FINE</level>
  <message>File 119110382-ANNA BEATRIZ LUCENA LIRA.zip was received. It was sent by ANNA BEATRIZ LUCENA LIRA from IP 192.168.15.8 at 07-10-2020 11*42*28</message>
</record>
</log>
<?xml version="1.0" encoding="UTF-8" standalone="no"?>
<!DOCTYPE log SYSTEM "logger.dtd">
<log>
<record>
  <date>2020-10-08T17:36:21.957-0300</date>
  <logger>ANNA BEATRIZ LUCENA LIRA</logger>
  <level>FINE</level>
  <message>File 119110382-ANNA BEATRIZ LUCENA LIRA.zip was received. It was sent by ANNA BEATRIZ LUCENA LIRA from IP 192.168.15.8 at 08-10-2020 17*36*21</message>
</record>
