<?xml version="1.0" encoding="UTF-8" standalone="no"?>
<!DOCTYPE log SYSTEM "logger.dtd">
<log>
<record>
  <date>2020-09-21T14:20:36.057-0300</date>
  <logger>ANNA BEATRIZ LUCENA LIRA</logger>
  <level>FINE</level>
  <message>File 119110382-ANNA BEATRIZ LUCENA LIRA.zip was received. It was sent by ANNA BEATRIZ LUCENA LIRA from IP 192.168.15.8 at 21-09-2020 14*20*36</message>
</record>
</log>
<?xml version="1.0" encoding="UTF-8" standalone="no"?>
<!DOCTYPE log SYSTEM "logger.dtd">
<log>
<record>
  <date>2020-09-24T14:45:13.570-0300</date>
  <logger>ANNA BEATRIZ LUCENA LIRA</logger>
  <level>FINE</level>
  <message>File 119110382-ANNA BEATRIZ LUCENA LIRA.zip was received. It was sent by ANNA BEATRIZ LUCENA LIRA from IP 192.168.15.8 at 24-09-2020 14*45*13</message>
</record>
</log>
<?xml version="1.0" encoding="UTF-8" standalone="no"?>
<!DOCTYPE log SYSTEM "logger.dtd">
<log>
<record>
  <date>2020-09-27T21:11:56.026-0300</date>
  <logger>ANNA BEATRIZ LUCENA LIRA</logger>
  <level>FINE</level>
  <message>File 119110382-ANNA BEATRIZ LUCENA LIRA.zip was received. It was sent by ANNA BEATRIZ LUCENA LIRA from IP 192.168.15.8 at 27-09-2020 21*11*55</message>
</record>
